<?xml version="1.0" encoding="UTF-8"?>
<!-- Generated by org.testng.reporters.JUnitXMLReporter -->
<testsuite ignored="0" hostname="NagarjunReddy" failures="0" tests="5" name="Test" time="22.197" errors="0" timestamp="18 Feb 2024 07:04:04 GMT">
  <testcase classname="suite.SeleniumFramework.LoginTest3" name="TC_Login_01" time="0.745"/>
  <testcase classname="suite.SeleniumFramework.LoginTest3" name="TC_Login_02" time="0.24"/>
  <testcase classname="suite.SeleniumFramework.LoginTest3" name="TC_Login_03" time="4.183"/>
  <testcase classname="suite.SeleniumFramework.LoginTest3" name="TC_Login_04" time="4.423"/>
  <testcase classname="suite.SeleniumFramework.LoginTest3" name="TC_Login_05" time="4.43"/>
</testsuite> <!-- Test -->
