<?xml version="1.0" encoding="UTF-8"?>
<!-- Generated by org.testng.reporters.JUnitXMLReporter -->
<testsuite ignored="0" hostname="NagarjunReddy" failures="0" tests="5" name="Test" time="21.374" errors="0" timestamp="21 Feb 2024 05:26:58 GMT">
  <testcase classname="suite.SeleniumFramework.LoginTest2" name="TC_Login_01" time="0.126"/>
  <testcase classname="suite.SeleniumFramework.LoginTest2" name="TC_Login_02" time="3.192"/>
  <testcase classname="suite.SeleniumFramework.LoginTest2" name="TC_Login_03" time="3.345"/>
  <testcase classname="suite.SeleniumFramework.LoginTest2" name="TC_Login_04" time="4.281"/>
  <testcase classname="suite.SeleniumFramework.LoginTest2" name="TC_Login_05" time="4.267"/>
</testsuite> <!-- Test -->
