<?xml version="1.0" encoding="UTF-8"?>
<testsuite xmlns:xsi="http://www.w3.org/2001/XMLSchema-instance" xsi:noNamespaceSchemaLocation="https://maven.apache.org/surefire/maven-surefire-plugin/xsd/surefire-test-report.xsd" name="TestSuite" time="22.646" tests="5" errors="0" skipped="0" failures="0">
  <properties>
[...]
</properties>
  <testcase name="TC_Login_01" classname="suite.SeleniumFramework.LoginTest2" time="0.132"/>
  <testcase name="TC_Login_02" classname="suite.SeleniumFramework.LoginTest2" time="3.19"/>
  <testcase name="TC_Login_03" classname="suite.SeleniumFramework.LoginTest2" time="3.346"/>
  <testcase name="TC_Login_04" classname="suite.SeleniumFramework.LoginTest2" time="4.281"/>
  <testcase name="TC_Login_05" classname="suite.SeleniumFramework.LoginTest2" time="4.268"/>
</testsuite>